Determining if the pthread_create exist failed with the following output:
Change Dir: /home/vinod/Downloads/sd2/2.1.0/build/CMakeFiles/CMakeTmp

Run Build Command:/usr/bin/make "cmTryCompileExec1057859186/fast"
/usr/bin/make -f CMakeFiles/cmTryCompileExec1057859186.dir/build.make CMakeFiles/cmTryCompileExec1057859186.dir/build
make[1]: Entering directory `/home/vinod/Downloads/sd2/2.1.0/build/CMakeFiles/CMakeTmp'
/usr/bin/cmake -E cmake_progress_report /home/vinod/Downloads/sd2/2.1.0/build/CMakeFiles/CMakeTmp/CMakeFiles 1
Building C object CMakeFiles/cmTryCompileExec1057859186.dir/CheckSymbolExists.c.o
/usr/bin/cc   -Wall -Wextra -Wno-unused-parameter -Wno-missing-field-initializers    -o CMakeFiles/cmTryCompileExec1057859186.dir/CheckSymbolExists.c.o   -c /home/vinod/Downloads/sd2/2.1.0/build/CMakeFiles/CMakeTmp/CheckSymbolExists.c
Linking C executable cmTryCompileExec1057859186
/usr/bin/cmake -E cmake_link_script CMakeFiles/cmTryCompileExec1057859186.dir/link.txt --verbose=1
/usr/bin/cc   -Wall -Wextra -Wno-unused-parameter -Wno-missing-field-initializers     CMakeFiles/cmTryCompileExec1057859186.dir/CheckSymbolExists.c.o  -o cmTryCompileExec1057859186 -rdynamic 
CMakeFiles/cmTryCompileExec1057859186.dir/CheckSymbolExists.c.o: In function `main':
CheckSymbolExists.c:(.text+0x16): undefined reference to `pthread_create'
collect2: error: ld returned 1 exit status
make[1]: *** [cmTryCompileExec1057859186] Error 1
make[1]: Leaving directory `/home/vinod/Downloads/sd2/2.1.0/build/CMakeFiles/CMakeTmp'
make: *** [cmTryCompileExec1057859186/fast] Error 2

File /home/vinod/Downloads/sd2/2.1.0/build/CMakeFiles/CMakeTmp/CheckSymbolExists.c:
/* */
#include <pthread.h>

int main(int argc, char** argv)
{
  (void)argv;
#ifndef pthread_create
  return ((int*)(&pthread_create))[argc];
#else
  (void)argc;
  return 0;
#endif
}

Determining if the function pthread_create exists in the pthreads failed with the following output:
Change Dir: /home/vinod/Downloads/sd2/2.1.0/build/CMakeFiles/CMakeTmp

Run Build Command:/usr/bin/make "cmTryCompileExec1085468225/fast"
/usr/bin/make -f CMakeFiles/cmTryCompileExec1085468225.dir/build.make CMakeFiles/cmTryCompileExec1085468225.dir/build
make[1]: Entering directory `/home/vinod/Downloads/sd2/2.1.0/build/CMakeFiles/CMakeTmp'
/usr/bin/cmake -E cmake_progress_report /home/vinod/Downloads/sd2/2.1.0/build/CMakeFiles/CMakeTmp/CMakeFiles 1
Building C object CMakeFiles/cmTryCompileExec1085468225.dir/CheckFunctionExists.c.o
/usr/bin/cc   -Wall -Wextra -Wno-unused-parameter -Wno-missing-field-initializers -DCHECK_FUNCTION_EXISTS=pthread_create   -o CMakeFiles/cmTryCompileExec1085468225.dir/CheckFunctionExists.c.o   -c /usr/share/cmake-2.8/Modules/CheckFunctionExists.c
Linking C executable cmTryCompileExec1085468225
/usr/bin/cmake -E cmake_link_script CMakeFiles/cmTryCompileExec1085468225.dir/link.txt --verbose=1
/usr/bin/cc   -Wall -Wextra -Wno-unused-parameter -Wno-missing-field-initializers -DCHECK_FUNCTION_EXISTS=pthread_create    CMakeFiles/cmTryCompileExec1085468225.dir/CheckFunctionExists.c.o  -o cmTryCompileExec1085468225 -rdynamic -lpthreads 
/usr/bin/ld: cannot find -lpthreads
collect2: error: ld returned 1 exit status
make[1]: *** [cmTryCompileExec1085468225] Error 1
make[1]: Leaving directory `/home/vinod/Downloads/sd2/2.1.0/build/CMakeFiles/CMakeTmp'
make: *** [cmTryCompileExec1085468225/fast] Error 2


